<?xml version='1.0'?>
<ns2:test-suite xmlns:ns2='urn:model.allure.qatools.yandex.ru' start='1681244248947' stop='1681244284761'>
    <name>Issues test</name>
    <title>Issues test</title>
    <test-cases>
        <test-case start='1681244248947' status='passed' stop='1681244253673'>
            <name>The user should be able to successfully create tasks with a valid number of characters in the title</name>
            <title>The user should be able to successfully create tasks with a valid number of characters in the title</title>
            <labels>
                <label name='language' value='javascript'/>
                <label name='framework' value='wdio'/>
                <label name='thread' value='0-0'/>
                <label name='language' value='javascript'/>
                <label name='framework' value='wdio'/>
                <label name='thread' value='0-0'/>
                <label name='language' value='javascript'/>
                <label name='framework' value='wdio'/>
                <label name='thread' value='0-0'/>
            </labels>
            <parameters>
                <parameter kind='argument' name='browser' value='chrome-112.0.5615.49'/>
                <parameter kind='argument' name='browser' value='chrome-112.0.5615.49'/>
                <parameter kind='argument' name='browser' value='chrome-112.0.5615.49'/>
            </parameters>
            <steps>
                <step start='1681244248949' status='passed' stop='1681244248949'>
                    <name>Открыть страницу логинации</name>
                    <title>Открыть страницу логинации</title>
                    <attachments/>
                    <steps/>
                </step>
                <step start='1681244249801' status='passed' stop='1681244249801'>
                    <name>Подождать отображения поля Login</name>
                    <title>Подождать отображения поля Login</title>
                    <attachments/>
                    <steps/>
                </step>
                <step start='1681244249830' status='passed' stop='1681244249830'>
                    <name>Ввести логин lokiju-test</name>
                    <title>Ввести логин lokiju-test</title>
                    <attachments/>
                    <steps/>
                </step>
                <step start='1681244249901' status='passed' stop='1681244249901'>
                    <name>Ввести пароль Hytplonb3620</name>
                    <title>Ввести пароль Hytplonb3620</title>
                    <attachments/>
                    <steps/>
                </step>
                <step start='1681244249989' status='passed' stop='1681244249989'>
                    <name>Залогиниться</name>
                    <title>Залогиниться</title>
                    <attachments/>
                    <steps/>
                </step>
            </steps>
            <attachments>
                <attachment title='Screenshot' source='b4d75e2b-c4ed-4991-a903-dc3faf52f913-attachment.png' type='image/png' size='101834'/>
            </attachments>
        </test-case>
        <test-case start='1681244253674' status='passed' stop='1681244257238'>
            <name>The user should not be able to successfully create tasks with a 1025 character title</name>
            <title>The user should not be able to successfully create tasks with a 1025 character title</title>
            <labels>
                <label name='language' value='javascript'/>
                <label name='framework' value='wdio'/>
                <label name='thread' value='0-0'/>
                <label name='language' value='javascript'/>
                <label name='framework' value='wdio'/>
                <label name='thread' value='0-0'/>
            </labels>
            <parameters>
                <parameter kind='argument' name='browser' value='chrome-112.0.5615.49'/>
                <parameter kind='argument' name='browser' value='chrome-112.0.5615.49'/>
            </parameters>
            <steps/>
            <attachments>
                <attachment title='Screenshot' source='fa7c3859-a0e2-4dd2-90e3-856df36b9d12-attachment.png' type='image/png' size='96182'/>
            </attachments>
        </test-case>
        <test-case start='1681244257238' status='passed' stop='1681244263331'>
            <name>The user should be able to successfully add valid format files to the task</name>
            <title>The user should be able to successfully add valid format files to the task</title>
            <labels>
                <label name='language' value='javascript'/>
                <label name='framework' value='wdio'/>
                <label name='thread' value='0-0'/>
                <label name='language' value='javascript'/>
                <label name='framework' value='wdio'/>
                <label name='thread' value='0-0'/>
            </labels>
            <parameters>
                <parameter kind='argument' name='browser' value='chrome-112.0.5615.49'/>
                <parameter kind='argument' name='browser' value='chrome-112.0.5615.49'/>
            </parameters>
            <steps/>
            <attachments>
                <attachment title='Screenshot' source='646f06fc-7662-4fef-b73a-9adeae824b0a-attachment.png' type='image/png' size='95518'/>
            </attachments>
        </test-case>
        <test-case start='1681244263331' status='passed' stop='1681244267415'>
            <name>The user should not be able to successfully add invalid format files to the task</name>
            <title>The user should not be able to successfully add invalid format files to the task</title>
            <labels>
                <label name='language' value='javascript'/>
                <label name='framework' value='wdio'/>
                <label name='thread' value='0-0'/>
                <label name='language' value='javascript'/>
                <label name='framework' value='wdio'/>
                <label name='thread' value='0-0'/>
            </labels>
            <parameters>
                <parameter kind='argument' name='browser' value='chrome-112.0.5615.49'/>
                <parameter kind='argument' name='browser' value='chrome-112.0.5615.49'/>
            </parameters>
            <steps/>
            <attachments>
                <attachment title='Screenshot' source='d14a6128-90fa-4249-b494-84dd8ade79ad-attachment.png' type='image/png' size='99291'/>
            </attachments>
        </test-case>
        <test-case start='1681244267415' status='passed' stop='1681244280580'>
            <name>The user should be able to leave comments if they are enabled</name>
            <title>The user should be able to leave comments if they are enabled</title>
            <labels>
                <label name='language' value='javascript'/>
                <label name='framework' value='wdio'/>
                <label name='thread' value='0-0'/>
                <label name='language' value='javascript'/>
                <label name='framework' value='wdio'/>
                <label name='thread' value='0-0'/>
            </labels>
            <parameters>
                <parameter kind='argument' name='browser' value='chrome-112.0.5615.49'/>
                <parameter kind='argument' name='browser' value='chrome-112.0.5615.49'/>
            </parameters>
            <steps>
                <step start='1681244272389' status='passed' stop='1681244272389'>
                    <name>Открыть страницу логинации</name>
                    <title>Открыть страницу логинации</title>
                    <attachments/>
                    <steps/>
                </step>
                <step start='1681244273156' status='passed' stop='1681244273156'>
                    <name>Подождать отображения поля Login</name>
                    <title>Подождать отображения поля Login</title>
                    <attachments/>
                    <steps/>
                </step>
                <step start='1681244273184' status='passed' stop='1681244273184'>
                    <name>Ввести логин lokiju-al</name>
                    <title>Ввести логин lokiju-al</title>
                    <attachments/>
                    <steps/>
                </step>
                <step start='1681244273255' status='passed' stop='1681244273255'>
                    <name>Ввести пароль Anvruqok4915</name>
                    <title>Ввести пароль Anvruqok4915</title>
                    <attachments/>
                    <steps/>
                </step>
                <step start='1681244273345' status='passed' stop='1681244273345'>
                    <name>Залогиниться</name>
                    <title>Залогиниться</title>
                    <attachments/>
                    <steps/>
                </step>
                <step start='1681244278745' status='passed' stop='1681244278745'>
                    <name>Открыть страницу логинации</name>
                    <title>Открыть страницу логинации</title>
                    <attachments/>
                    <steps/>
                </step>
                <step start='1681244279135' status='passed' stop='1681244279135'>
                    <name>Подождать отображения поля Login</name>
                    <title>Подождать отображения поля Login</title>
                    <attachments/>
                    <steps/>
                </step>
                <step start='1681244279161' status='passed' stop='1681244279161'>
                    <name>Ввести логин lokiju-test</name>
                    <title>Ввести логин lokiju-test</title>
                    <attachments/>
                    <steps/>
                </step>
                <step start='1681244279224' status='passed' stop='1681244279224'>
                    <name>Ввести пароль Hytplonb3620</name>
                    <title>Ввести пароль Hytplonb3620</title>
                    <attachments/>
                    <steps/>
                </step>
                <step start='1681244279303' status='passed' stop='1681244279303'>
                    <name>Залогиниться</name>
                    <title>Залогиниться</title>
                    <attachments/>
                    <steps/>
                </step>
            </steps>
            <attachments>
                <attachment title='Screenshot' source='e633458d-2b9a-4fb0-ad9e-cba10eab342c-attachment.png' type='image/png' size='47665'/>
            </attachments>
        </test-case>
        <test-case start='1681244280581' status='broken' stop='1681244284686'>
            <name>The user should be able to block comments</name>
            <title>The user should be able to block comments</title>
            <labels>
                <label name='language' value='javascript'/>
                <label name='framework' value='wdio'/>
                <label name='thread' value='0-0'/>
                <label name='language' value='javascript'/>
                <label name='framework' value='wdio'/>
                <label name='thread' value='0-0'/>
            </labels>
            <parameters>
                <parameter kind='argument' name='browser' value='chrome-112.0.5615.49'/>
                <parameter kind='argument' name='browser' value='chrome-112.0.5615.49'/>
            </parameters>
            <steps/>
            <attachments/>
            <failure>
                <message>no such window: target window already closed
                from unknown error: web view not found
                  (Session info: chrome=112.0.5615.49)</message>
                <stack-trace>no such window: no such window: target window already closed
                from unknown error: web view not found
                  (Session info: chrome=112.0.5615.49)
                    at getErrorFromResponseBody (C:\Users\alexander.platov\Documents\GitHub\autotest-ips\node_modules\webdriver\build\utils.js:198:12)
                    at NodeJSRequest._request (C:\Users\alexander.platov\Documents\GitHub\autotest-ips\node_modules\webdriver\build\request\index.js:166:60)
                    at processTicksAndRejections (node:internal/process/task_queues:95:5)
                    at async Browser.wrapCommandFn (C:\Users\alexander.platov\Documents\GitHub\autotest-ips\node_modules\@wdio\utils\build\shim.js:137:29)</stack-trace>
            </failure>
        </test-case>
        <test-case start='1681244284691' status='broken' stop='1681244284760'>
            <name>"before each" hook for Issues test</name>
            <title>"before each" hook for Issues test</title>
            <labels>
                <label name='language' value='javascript'/>
                <label name='framework' value='wdio'/>
                <label name='thread' value='0-0'/>
                <label name='language' value='javascript'/>
                <label name='framework' value='wdio'/>
                <label name='thread' value='0-0'/>
            </labels>
            <parameters>
                <parameter kind='argument' name='browser' value='chrome-112.0.5615.49'/>
                <parameter kind='argument' name='browser' value='chrome-112.0.5615.49'/>
            </parameters>
            <steps/>
            <attachments/>
            <failure>
                <message>no such window: target window already closed
                from unknown error: web view not found
                  (Session info: chrome=112.0.5615.49)</message>
                <stack-trace>no such window: no such window: target window already closed
                from unknown error: web view not found
                  (Session info: chrome=112.0.5615.49)
                    at getErrorFromResponseBody (C:\Users\alexander.platov\Documents\GitHub\autotest-ips\node_modules\webdriver\build\utils.js:198:12)
                    at NodeJSRequest._request (C:\Users\alexander.platov\Documents\GitHub\autotest-ips\node_modules\webdriver\build\request\index.js:166:60)
                    at processTicksAndRejections (node:internal/process/task_queues:95:5)
                    at async Browser.wrapCommandFn (C:\Users\alexander.platov\Documents\GitHub\autotest-ips\node_modules\@wdio\utils\build\shim.js:137:29)
                    at async Browser.wrapCommandFn (C:\Users\alexander.platov\Documents\GitHub\autotest-ips\node_modules\@wdio\utils\build\shim.js:137:29)</stack-trace>
            </failure>
        </test-case>
    </test-cases>
</ns2:test-suite>